빌드 시작: 2016-05-20 오전 12:34:33
     1>2 노드의 "C:\Users\kunju\Documents\Visual Studio 2010\Projects\Decision Tree\Decision Tree\Decision Tree.vcxproj" 프로젝트(build 대상)입니다.
     1>InitializeBuildStatus:
         "AlwaysCreate"이(가) 지정되었기 때문에 "Debug\Decision Tree.unsuccessfulbuild"을(를) 만들고 있습니다.
       ClCompile:
         C:\Program Files (x86)\Microsoft Visual Studio 10.0\VC\bin\CL.exe /c /ZI /nologo /W3 /WX- /Od /Oy- /D WIN32 /D _DEBUG /D _CONSOLE /D _UNICODE /D UNICODE /Gm /EHsc /RTC1 /MDd /GS /fp:precise /Zc:wchar_t /Zc:forScope /Fo"Debug\\" /Fd"Debug\vc100.pdb" /Gd /TP /analyze- /errorReport:prompt main.cpp
         main.cpp
     1>c:\users\kunju\documents\visual studio 2010\projects\decision tree\decision tree\main.cpp(60): warning C4018: '<' : signed 또는 unsigned가 일치하지 않습니다.
     1>c:\users\kunju\documents\visual studio 2010\projects\decision tree\decision tree\main.cpp(90): warning C4996: 'fopen': This function or variable may be unsafe. Consider using fopen_s instead. To disable deprecation, use _CRT_SECURE_NO_WARNINGS. See online help for details.
                 c:\program files (x86)\microsoft visual studio 10.0\vc\include\stdio.h(234) : 'fopen' 선언을 참조하십시오.
     1>c:\users\kunju\documents\visual studio 2010\projects\decision tree\decision tree\main.cpp(91): warning C4996: 'fopen': This function or variable may be unsafe. Consider using fopen_s instead. To disable deprecation, use _CRT_SECURE_NO_WARNINGS. See online help for details.
                 c:\program files (x86)\microsoft visual studio 10.0\vc\include\stdio.h(234) : 'fopen' 선언을 참조하십시오.
     1>c:\users\kunju\documents\visual studio 2010\projects\decision tree\decision tree\main.cpp(93): warning C4996: 'fopen': This function or variable may be unsafe. Consider using fopen_s instead. To disable deprecation, use _CRT_SECURE_NO_WARNINGS. See online help for details.
                 c:\program files (x86)\microsoft visual studio 10.0\vc\include\stdio.h(234) : 'fopen' 선언을 참조하십시오.
     1>c:\users\kunju\documents\visual studio 2010\projects\decision tree\decision tree\main.cpp(202): warning C4018: '<' : signed 또는 unsigned가 일치하지 않습니다.
     1>c:\users\kunju\documents\visual studio 2010\projects\decision tree\decision tree\main.cpp(227): warning C4018: '<' : signed 또는 unsigned가 일치하지 않습니다.
     1>c:\users\kunju\documents\visual studio 2010\projects\decision tree\decision tree\main.cpp(235): warning C4018: '<' : signed 또는 unsigned가 일치하지 않습니다.
     1>c:\users\kunju\documents\visual studio 2010\projects\decision tree\decision tree\main.cpp(256): warning C4018: '<' : signed 또는 unsigned가 일치하지 않습니다.
     1>c:\users\kunju\documents\visual studio 2010\projects\decision tree\decision tree\main.cpp(275): warning C4018: '<' : signed 또는 unsigned가 일치하지 않습니다.
     1>c:\users\kunju\documents\visual studio 2010\projects\decision tree\decision tree\main.cpp(287): warning C4018: '<' : signed 또는 unsigned가 일치하지 않습니다.
     1>c:\users\kunju\documents\visual studio 2010\projects\decision tree\decision tree\main.cpp(298): warning C4018: '<' : signed 또는 unsigned가 일치하지 않습니다.
     1>c:\users\kunju\documents\visual studio 2010\projects\decision tree\decision tree\main.cpp(311): warning C4018: '<' : signed 또는 unsigned가 일치하지 않습니다.
     1>c:\users\kunju\documents\visual studio 2010\projects\decision tree\decision tree\main.cpp(323): warning C4018: '<' : signed 또는 unsigned가 일치하지 않습니다.
     1>c:\users\kunju\documents\visual studio 2010\projects\decision tree\decision tree\main.cpp(325): warning C4018: '<' : signed 또는 unsigned가 일치하지 않습니다.
     1>c:\users\kunju\documents\visual studio 2010\projects\decision tree\decision tree\main.cpp(338): warning C4018: '<' : signed 또는 unsigned가 일치하지 않습니다.
     1>c:\users\kunju\documents\visual studio 2010\projects\decision tree\decision tree\main.cpp(344): warning C4018: '<' : signed 또는 unsigned가 일치하지 않습니다.
       ManifestResourceCompile:
         모든 출력이 최신 상태입니다.
       Link:
         C:\Program Files (x86)\Microsoft Visual Studio 10.0\VC\bin\link.exe /ERRORREPORT:PROMPT /OUT:"C:\Users\kunju\Documents\Visual Studio 2010\Projects\Decision Tree\Debug\Decision Tree.exe" /INCREMENTAL /NOLOGO kernel32.lib user32.lib gdi32.lib winspool.lib comdlg32.lib advapi32.lib shell32.lib ole32.lib oleaut32.lib uuid.lib odbc32.lib odbccp32.lib /MANIFEST /ManifestFile:"Debug\Decision Tree.exe.intermediate.manifest" /MANIFESTUAC:"level='asInvoker' uiAccess='false'" /DEBUG /PDB:"C:\Users\kunju\Documents\Visual Studio 2010\Projects\Decision Tree\Debug\Decision Tree.pdb" /SUBSYSTEM:CONSOLE /TLBID:1 /DYNAMICBASE /NXCOMPAT /IMPLIB:"C:\Users\kunju\Documents\Visual Studio 2010\Projects\Decision Tree\Debug\Decision Tree.lib" /MACHINE:X86 "Debug\Decision Tree.exe.embed.manifest.res"
         Debug\main.obj
       Manifest:
         C:\Program Files (x86)\Microsoft SDKs\Windows\v7.0A\bin\mt.exe /nologo /verbose /out:"Debug\Decision Tree.exe.embed.manifest" /manifest "Debug\Decision Tree.exe.intermediate.manifest"
         모든 출력이 최신 상태입니다.
       LinkEmbedManifest:
         모든 출력이 최신 상태입니다.
         Decision Tree.vcxproj -> C:\Users\kunju\Documents\Visual Studio 2010\Projects\Decision Tree\Debug\Decision Tree.exe
       FinalizeBuildStatus:
         "Debug\Decision Tree.unsuccessfulbuild" 파일을 삭제하고 있습니다.
         "Debug\Decision Tree.lastbuildstate"에 연결(touching)하고 있습니다.
     1>"C:\Users\kunju\Documents\Visual Studio 2010\Projects\Decision Tree\Decision Tree\Decision Tree.vcxproj" 프로젝트를 빌드했습니다(build 대상).

빌드했습니다.

경과 시간: 00:00:04.04
